<?xml version="1.0" encoding="UTF-8"?>
<testsuites name="Mocha Tests" time="6.654" tests="2" failures="0" skipped="1">
  <testsuite name="Root Suite" timestamp="2024-01-29T10:55:19" tests="0" file="cypress/e2e/shop.cy.ts" time="0.000" failures="0">
  </testsuite>
  <testsuite name="Verify shop" timestamp="2024-01-29T10:55:19" tests="2" time="6.651" failures="0">
    <testcase name="Verify shop Add item to cart" time="6.608" classname="Add item to cart">
    </testcase>
  </testsuite>
</testsuites>